Base path: D:/Unity/Editor/Data
Cmd: initializeCompiler
Cmd: disassembleShader
  api=4 insize=1726 outsize=3116 ok=1
Cmd: disassembleShader
  api=4 insize=2658 outsize=4348 ok=1
Cmd: disassembleShader
  api=4 insize=2834 outsize=4629 ok=1
Cmd: disassembleShader
  api=4 insize=5670 outsize=8020 ok=1
Cmd: disassembleShader
  api=4 insize=1778 outsize=3214 ok=1
Cmd: disassembleShader
  api=4 insize=3938 outsize=5743 ok=1
Cmd: disassembleShader
  api=4 insize=1806 outsize=3163 ok=1
Cmd: disassembleShader
  api=4 insize=2514 outsize=4464 ok=1
Cmd: compileSnippet
  api=4 type=0 insize=1272 outsize=1726 kw=DIRECTIONAL SHADOWS_SCREEN _EMISSION pd=UNITY_ENABLE_REFLECTION_BUFFERS UNITY_USE_DITHER_MASK_FOR_ALPHABLENDED_SHADOWS UNITY_PBS_USE_BRDF1 UNITY_SPECCUBE_BOX_PROJECTION UNITY_SPECCUBE_BLENDING UNITY_ENABLE_DETAIL_NORMALMAP SHADER_API_DESKTOP UNITY_COLORSPACE_GAMMA UNITY_LIGHT_PROBE_PROXY_VOLUME UNITY_LIGHTMAP_FULL_HDR ok=1
Cmd: disassembleShader
  api=4 insize=1726 outsize=3116 ok=1
Cmd: compileSnippet
  api=4 type=1 insize=1272 outsize=2762 kw=DIRECTIONAL _EMISSION pd=UNITY_ENABLE_REFLECTION_BUFFERS UNITY_USE_DITHER_MASK_FOR_ALPHABLENDED_SHADOWS UNITY_PBS_USE_BRDF1 UNITY_SPECCUBE_BOX_PROJECTION UNITY_SPECCUBE_BLENDING UNITY_ENABLE_DETAIL_NORMALMAP SHADER_API_DESKTOP UNITY_COLORSPACE_GAMMA UNITY_LIGHT_PROBE_PROXY_VOLUME UNITY_LIGHTMAP_FULL_HDR ok=1
Cmd: disassembleShader
  api=4 insize=2762 outsize=4612 ok=1
Cmd: disassembleShader
  api=4 insize=1678 outsize=3022 ok=1
Cmd: disassembleShader
  api=4 insize=2438 outsize=4157 ok=1
Cmd: disassembleShader
  api=4 insize=218 outsize=660 ok=1
